<?xml version="1.0" encoding="UTF-8"?>
<!-- Generated by org.testng.reporters.JUnitXMLReporter -->
<testsuite ignored="0" hostname="DESKTOP-FUGQNF4" failures="0" tests="3" name="Default test" time="0.084" errors="0" timestamp="2023-01-23T15:35:48 IST">
  <testcase classname="com.LfyInsManageDev.testscript.SamClss1test" name="simple1" time="0.01"/>
  <testcase classname="com.LfyInsManageDev.testscript.SamClss1test" name="simple2" time="0.001"/>
  <testcase classname="com.LfyInsManageDev.testscript.SamClss1test" name="simple3" time="0.001"/>
</testsuite> <!-- Default test -->
