<?xml version="1.0" encoding="UTF-8"?>
<!-- Generated by org.testng.reporters.JUnitXMLReporter -->
<testsuite ignored="0" hostname="DESKTOP-FUGQNF4" failures="0" tests="7" name="Test" time="0.103" errors="0" timestamp="2023-01-23T17:15:04 IST">
  <testcase classname="com.LfyInsManage.testscript.SamClss1test" name="simple1" time="0.011"/>
  <testcase classname="com.LfyInsManage.testscript.SamClss1test" name="simple2" time="0.004"/>
  <testcase classname="com.LfyInsManage.testscript.SamClss1test" name="simple3" time="0.005"/>
  <testcase classname="com.LfyInsManage.testscript.SamClss3test" name="sample" time="0.003"/>
  <testcase classname="com.LfyInsManage.testscript.SamClss2test" name="simple4" time="0.002"/>
  <testcase classname="com.LfyInsManage.testscript.SamClss2test" name="simple5" time="0.001"/>
  <testcase classname="com.LfyInsManage.testscript.SamClss2test" name="simple6" time="0.001"/>
</testsuite> <!-- Test -->
