<?xml version="1.0" encoding="UTF-8"?>
<testng-results ignored="0" total="7" passed="7" failed="0" skipped="0">
  <reporter-output>
  </reporter-output>
  <suite started-at="2023-01-23T17:15:04 IST" name="Suite" finished-at="2023-01-23T17:15:04 IST" duration-ms="103">
    <groups>
    </groups>
    <test started-at="2023-01-23T17:15:04 IST" name="Test" finished-at="2023-01-23T17:15:04 IST" duration-ms="103">
      <class name="com.LfyInsManage.testscript.SamClss1test">
        <test-method signature="simple1()[pri:0, instance:com.LfyInsManage.testscript.SamClss1test@6404f418]" started-at="2023-01-23T17:15:04 IST" name="simple1" finished-at="2023-01-23T17:15:04 IST" duration-ms="11" status="PASS">
          <reporter-output>
          </reporter-output>
        </test-method> <!-- simple1 -->
        <test-method signature="simple2()[pri:0, instance:com.LfyInsManage.testscript.SamClss1test@6404f418]" started-at="2023-01-23T17:15:04 IST" name="simple2" finished-at="2023-01-23T17:15:04 IST" duration-ms="4" status="PASS">
          <reporter-output>
          </reporter-output>
        </test-method> <!-- simple2 -->
        <test-method signature="simple3()[pri:0, instance:com.LfyInsManage.testscript.SamClss1test@6404f418]" started-at="2023-01-23T17:15:04 IST" name="simple3" finished-at="2023-01-23T17:15:04 IST" duration-ms="5" status="PASS">
          <reporter-output>
          </reporter-output>
        </test-method> <!-- simple3 -->
      </class> <!-- com.LfyInsManage.testscript.SamClss1test -->
      <class name="com.LfyInsManage.testscript.SamClss3test">
        <test-method signature="sample()[pri:0, instance:com.LfyInsManage.testscript.SamClss3test@47d9a273]" started-at="2023-01-23T17:15:04 IST" name="sample" finished-at="2023-01-23T17:15:04 IST" duration-ms="3" status="PASS">
          <reporter-output>
          </reporter-output>
        </test-method> <!-- sample -->
      </class> <!-- com.LfyInsManage.testscript.SamClss3test -->
      <class name="com.LfyInsManage.testscript.SamClss2test">
        <test-method signature="simple4()[pri:0, instance:com.LfyInsManage.testscript.SamClss2test@4b8ee4de]" started-at="2023-01-23T17:15:04 IST" name="simple4" finished-at="2023-01-23T17:15:04 IST" duration-ms="2" status="PASS">
          <reporter-output>
          </reporter-output>
        </test-method> <!-- simple4 -->
        <test-method signature="simple5()[pri:0, instance:com.LfyInsManage.testscript.SamClss2test@4b8ee4de]" started-at="2023-01-23T17:15:04 IST" name="simple5" finished-at="2023-01-23T17:15:04 IST" duration-ms="1" status="PASS">
          <reporter-output>
          </reporter-output>
        </test-method> <!-- simple5 -->
        <test-method signature="simple6()[pri:0, instance:com.LfyInsManage.testscript.SamClss2test@4b8ee4de]" started-at="2023-01-23T17:15:04 IST" name="simple6" finished-at="2023-01-23T17:15:04 IST" duration-ms="1" status="PASS">
          <reporter-output>
          </reporter-output>
        </test-method> <!-- simple6 -->
      </class> <!-- com.LfyInsManage.testscript.SamClss2test -->
    </test> <!-- Test -->
  </suite> <!-- Suite -->
</testng-results>
