<?xml version="1.0" encoding="UTF-8"?>
<testng-results ignored="0" total="3" passed="3" failed="0" skipped="0">
  <reporter-output>
  </reporter-output>
  <suite started-at="2023-01-23T15:35:47 IST" name="Default suite" finished-at="2023-01-23T15:35:47 IST" duration-ms="84">
    <groups>
    </groups>
    <test started-at="2023-01-23T15:35:47 IST" name="Default test" finished-at="2023-01-23T15:35:47 IST" duration-ms="84">
      <class name="com.LfyInsManageDev.testscript.SamClss1test">
        <test-method signature="simple1()[pri:0, instance:com.LfyInsManageDev.testscript.SamClss1test@17497425]" started-at="2023-01-23T15:35:47 IST" name="simple1" finished-at="2023-01-23T15:35:47 IST" duration-ms="10" status="PASS">
          <reporter-output>
          </reporter-output>
        </test-method> <!-- simple1 -->
        <test-method signature="simple2()[pri:0, instance:com.LfyInsManageDev.testscript.SamClss1test@17497425]" started-at="2023-01-23T15:35:47 IST" name="simple2" finished-at="2023-01-23T15:35:47 IST" duration-ms="1" status="PASS">
          <reporter-output>
          </reporter-output>
        </test-method> <!-- simple2 -->
        <test-method signature="simple3()[pri:0, instance:com.LfyInsManageDev.testscript.SamClss1test@17497425]" started-at="2023-01-23T15:35:47 IST" name="simple3" finished-at="2023-01-23T15:35:47 IST" duration-ms="1" status="PASS">
          <reporter-output>
          </reporter-output>
        </test-method> <!-- simple3 -->
      </class> <!-- com.LfyInsManageDev.testscript.SamClss1test -->
    </test> <!-- Default test -->
  </suite> <!-- Default suite -->
</testng-results>
